9 20
definitionDefinicija
30 13
theoremTeorem
130 9
Uvod Uvod
931 8
stanizom
1231 11
kvalitetnji
1346 11
međuostalim
2760 6
utjeću
1850 9
dodjeliti
2584 11
pridjeljeni
2836 9
inicjalno
4185 11
beztežinski
4308 9
predhodno
3579 6
utjeće
3833 9
dodjeliti
5426 7
obojati
5525 4
akko
6133 4
akko
6725 9
dodjelimo
6272 6
obojan
6457 6
sljedi
7603 4
akko
8390 6
Odnost
8124 9
polinoman
8082 7
rješili
8309 7
rješiti
9214 9
koodomene
9551 9
koodomene
9965 10
predhodnih
10324 7
ekstram
10835 7
pronaću
10429 15
Metaheuristikom
11549 9
Predhodne
11715 11
međuostalim
12124 6
utjeće
12488 6
utjeću
12545 5
Idaja
14242 8
funckije
14286 10
inicjalnog
14020 6
utjeću
14118 6
obojan
14805 10
inicjalnog
14561 9
vrijednst
14591 6
obojan
15148 8
mjenjati
15383 7
odjelku
15188 12
promjenjenih
15166 6
uvijet
16180 10
primjetiti
17264 8
zato jer
18158 3
2n0
18164 3
2n1
18170 3
2n2
18176 3
2n3
18038 3
2nk
18086 4
3nkB
18182 3
n0B
18191 3
n1B
18200 3
n2B
18209 3
n3B
18047 4
nnkB
18234 3
13n
18439 3
2nk
18331 3
3nn
18407 2
n5
18448 4
nnkB
18478 2
nk
18710 3
nln
18285 3
n n
18848 4
792e
18770 3
nln
18912 9
predhodne
18922 7
alanize
19965 6
odgvor
19489 10
primjetiti
20540 8
zato jer
21046 11
međuostalim
20953 7
rješili
21240 7
rješiti
21403 6
sljedi
21630 3
bue
21501 10
obojivosti
21467 10
primjetiti
23197 5
zanje
23637 6
sljepo
24604 9
donostiti
23885 7
rješiti
